2019-12-25 19:41:52,058 - /home/se-lab/anaconda3/lib/python3.7/site-packages/tensorflow_core/python/util/deprecation.py[line:323] - WARNING: From client.py:70: DatasetV1.make_one_shot_iterator (from tensorflow.python.data.ops.dataset_ops) is deprecated and will be removed in a future version.
Instructions for updating:
Use `for ... in dataset:` to iterate over a dataset. If using `tf.estimator`, return the `Dataset` object directly from your input function. As a last resort, you can use `tf.compat.v1.data.make_one_shot_iterator(dataset)`.
2019-12-25 19:41:52,245 - /home/se-lab/anaconda3/lib/python3.7/site-packages/tensorflow_core/python/util/module_wrapper.py[line:139] - WARNING: From client.py:73: The name tf.placeholder is deprecated. Please use tf.compat.v1.placeholder instead.

2019-12-25 19:41:52,254 - /home/se-lab/anaconda3/lib/python3.7/site-packages/tensorflow_core/python/util/module_wrapper.py[line:139] - WARNING: From client.py:78: The name tf.random_normal is deprecated. Please use tf.random.normal instead.

2019-12-25 19:41:52,273 - /home/se-lab/anaconda3/lib/python3.7/site-packages/tensorflow_core/python/util/module_wrapper.py[line:139] - WARNING: From client.py:80: The name tf.assign is deprecated. Please use tf.compat.v1.assign instead.

2019-12-25 19:41:52,352 - /home/se-lab/anaconda3/lib/python3.7/site-packages/tensorflow_core/python/util/module_wrapper.py[line:139] - WARNING: From client.py:95: The name tf.log is deprecated. Please use tf.math.log instead.

2019-12-25 19:41:52,357 - /home/se-lab/anaconda3/lib/python3.7/site-packages/tensorflow_core/python/util/module_wrapper.py[line:139] - WARNING: From client.py:97: The name tf.train.GradientDescentOptimizer is deprecated. Please use tf.compat.v1.train.GradientDescentOptimizer instead.

2019-12-25 19:41:52,432 - /home/se-lab/anaconda3/lib/python3.7/site-packages/tensorflow_core/python/util/module_wrapper.py[line:139] - WARNING: From client.py:102: The name tf.trainable_variables is deprecated. Please use tf.compat.v1.trainable_variables instead.

2019-12-25 19:41:52,433 - /home/se-lab/anaconda3/lib/python3.7/site-packages/tensorflow_core/python/util/module_wrapper.py[line:139] - WARNING: From client.py:104: The name tf.Session is deprecated. Please use tf.compat.v1.Session instead.

2019-12-25 19:42:01,609 - /home/se-lab/anaconda3/lib/python3.7/site-packages/tensorflow_core/python/util/module_wrapper.py[line:139] - WARNING: From client.py:105: The name tf.global_variables_initializer is deprecated. Please use tf.compat.v1.global_variables_initializer instead.

2019-12-25 19:42:03,258 - /home/se-lab/anaconda3/lib/python3.7/site-packages/werkzeug/_internal.py[line:122] - INFO:  * Running on http://127.0.0.1:10016/ (Press CTRL+C to quit)
2019-12-25 19:42:59,831 - /home/se-lab/anaconda3/lib/python3.7/site-packages/werkzeug/_internal.py[line:122] - INFO: 127.0.0.1 - - [25/Dec/2019 19:42:59] "[37mPOST /update_weights_then_training HTTP/1.1[0m" 200 -
2019-12-25 19:43:00,518 - client.py[line:123] - INFO: client 26 epoch 0:loss=0.7257413864135742
2019-12-25 19:43:00,724 - /home/se-lab/anaconda3/lib/python3.7/site-packages/werkzeug/_internal.py[line:122] - INFO: 127.0.0.1 - - [25/Dec/2019 19:43:00] "[37mPOST /update_weights_then_training HTTP/1.1[0m" 200 -
2019-12-25 19:43:00,789 - client.py[line:123] - INFO: client 26 epoch 0:loss=0.8883875608444214
2019-12-25 19:43:02,185 - /home/se-lab/anaconda3/lib/python3.7/site-packages/werkzeug/_internal.py[line:122] - INFO: 127.0.0.1 - - [25/Dec/2019 19:43:02] "[37mPOST /update_weights_then_training HTTP/1.1[0m" 200 -
2019-12-25 19:43:02,247 - client.py[line:123] - INFO: client 26 epoch 0:loss=1.6558513641357422
2019-12-25 19:43:11,781 - /home/se-lab/anaconda3/lib/python3.7/site-packages/werkzeug/_internal.py[line:122] - INFO: 127.0.0.1 - - [25/Dec/2019 19:43:11] "[37mPOST /update_weights_then_training HTTP/1.1[0m" 200 -
2019-12-25 19:43:11,861 - client.py[line:123] - INFO: client 26 epoch 0:loss=0.7788103818893433
