2019-12-25 19:41:51,706 - /home/se-lab/anaconda3/lib/python3.7/site-packages/tensorflow_core/python/util/deprecation.py[line:323] - WARNING: From client.py:70: DatasetV1.make_one_shot_iterator (from tensorflow.python.data.ops.dataset_ops) is deprecated and will be removed in a future version.
Instructions for updating:
Use `for ... in dataset:` to iterate over a dataset. If using `tf.estimator`, return the `Dataset` object directly from your input function. As a last resort, you can use `tf.compat.v1.data.make_one_shot_iterator(dataset)`.
2019-12-25 19:41:51,975 - /home/se-lab/anaconda3/lib/python3.7/site-packages/tensorflow_core/python/util/module_wrapper.py[line:139] - WARNING: From client.py:73: The name tf.placeholder is deprecated. Please use tf.compat.v1.placeholder instead.

2019-12-25 19:41:51,977 - /home/se-lab/anaconda3/lib/python3.7/site-packages/tensorflow_core/python/util/module_wrapper.py[line:139] - WARNING: From client.py:78: The name tf.random_normal is deprecated. Please use tf.random.normal instead.

2019-12-25 19:41:52,029 - /home/se-lab/anaconda3/lib/python3.7/site-packages/tensorflow_core/python/util/module_wrapper.py[line:139] - WARNING: From client.py:80: The name tf.assign is deprecated. Please use tf.compat.v1.assign instead.

2019-12-25 19:41:52,138 - /home/se-lab/anaconda3/lib/python3.7/site-packages/tensorflow_core/python/util/module_wrapper.py[line:139] - WARNING: From client.py:95: The name tf.log is deprecated. Please use tf.math.log instead.

2019-12-25 19:41:52,156 - /home/se-lab/anaconda3/lib/python3.7/site-packages/tensorflow_core/python/util/module_wrapper.py[line:139] - WARNING: From client.py:97: The name tf.train.GradientDescentOptimizer is deprecated. Please use tf.compat.v1.train.GradientDescentOptimizer instead.

2019-12-25 19:41:52,296 - /home/se-lab/anaconda3/lib/python3.7/site-packages/tensorflow_core/python/util/module_wrapper.py[line:139] - WARNING: From client.py:102: The name tf.trainable_variables is deprecated. Please use tf.compat.v1.trainable_variables instead.

2019-12-25 19:41:52,297 - /home/se-lab/anaconda3/lib/python3.7/site-packages/tensorflow_core/python/util/module_wrapper.py[line:139] - WARNING: From client.py:104: The name tf.Session is deprecated. Please use tf.compat.v1.Session instead.

2019-12-25 19:42:01,372 - /home/se-lab/anaconda3/lib/python3.7/site-packages/tensorflow_core/python/util/module_wrapper.py[line:139] - WARNING: From client.py:105: The name tf.global_variables_initializer is deprecated. Please use tf.compat.v1.global_variables_initializer instead.

2019-12-25 19:42:03,203 - /home/se-lab/anaconda3/lib/python3.7/site-packages/werkzeug/_internal.py[line:122] - INFO:  * Running on http://127.0.0.1:10029/ (Press CTRL+C to quit)
2019-12-25 19:43:09,078 - /home/se-lab/anaconda3/lib/python3.7/site-packages/werkzeug/_internal.py[line:122] - INFO: 127.0.0.1 - - [25/Dec/2019 19:43:09] "[37mPOST /update_weights_then_training HTTP/1.1[0m" 200 -
2019-12-25 19:43:09,554 - client.py[line:123] - INFO: client 39 epoch 0:loss=0.503596305847168
2019-12-25 19:43:09,713 - /home/se-lab/anaconda3/lib/python3.7/site-packages/werkzeug/_internal.py[line:122] - INFO: 127.0.0.1 - - [25/Dec/2019 19:43:09] "[37mPOST /update_weights_then_training HTTP/1.1[0m" 200 -
2019-12-25 19:43:09,772 - client.py[line:123] - INFO: client 39 epoch 0:loss=0.34059399366378784
2019-12-25 19:43:12,433 - /home/se-lab/anaconda3/lib/python3.7/site-packages/werkzeug/_internal.py[line:122] - INFO: 127.0.0.1 - - [25/Dec/2019 19:43:12] "[37mPOST /update_weights_then_training HTTP/1.1[0m" 200 -
2019-12-25 19:43:12,488 - client.py[line:123] - INFO: client 39 epoch 0:loss=0.3200792372226715
2019-12-25 19:43:13,919 - /home/se-lab/anaconda3/lib/python3.7/site-packages/werkzeug/_internal.py[line:122] - INFO: 127.0.0.1 - - [25/Dec/2019 19:43:13] "[37mPOST /update_weights_then_training HTTP/1.1[0m" 200 -
2019-12-25 19:43:13,982 - client.py[line:123] - INFO: client 39 epoch 0:loss=0.19103308022022247
